#
# A fatal error has been detected by the Java Runtime Environment:
#
#  EXCEPTION_ACCESS_VIOLATION (0xc0000005) at pc=0x00000000034649d6, pid=8560, tid=0x0000000000001e2c
#
# JRE version: Java(TM) SE Runtime Environment (8.0_151-b12) (build 1.8.0_151-b12)
# Java VM: Java HotSpot(TM) 64-Bit Server VM (25.151-b12 mixed mode windows-amd64 compressed oops)
# Problematic frame:
# j  org.hibernate.engine.internal.StatefulPersistenceContext.clear()V+258
#
# Failed to write core dump. Minidumps are not enabled by default on client versions of Windows
#
# If you would like to submit a bug report, please visit:
#   http://bugreport.java.com/bugreport/crash.jsp
#

---------------  T H R E A D  ---------------

Current thread (0x0000000003343800):  JavaThread "main" [_thread_in_Java, id=7724, stack(0x0000000003240000,0x0000000003340000)]

siginfo: ExceptionCode=0xc0000005, reading address 0x0000000000008008

Registers:
RAX=0x0000000100007118, RBX=0x0000000000000005, RCX=0x0000000000008000, RDX=0x0000000090000001
RSP=0x000000000333da60, RBP=0x000000000333dab0, RSI=0x000000001b5e4ef8, RDI=0x000000001e849850
R8 =0x00000000014a0d80, R9 =0x00000000000000cb, R10=0x000000005e9df1f0, R11=0x000000000333da20
R12=0x0000000000000000, R13=0x0000000020dfc2d2, R14=0x000000000333dae8, R15=0x0000000003343800
RIP=0x00000000034649d6, EFLAGS=0x0000000000010246

Top of Stack: (sp=0x000000000333da60)
0x000000000333da60:   00000000034483a2 0000000000008000
0x000000000333da70:   000000000333da70 0000000020dfc2d2
0x000000000333da80:   000000000333dae8 0000000020e04110
0x000000000333da90:   0000000020e75b50 0000000020dfc380
0x000000000333daa0:   0000000000000000 000000000333dae8
0x000000000333dab0:   000000000333db30 000000000344835d
0x000000000333dac0:   0000000000000000 0000000000000000
0x000000000333dad0:   0000000000000000 0000000000000000
0x000000000333dae0:   0000000000000000 00000000dab1a318
0x000000000333daf0:   000000000333daf0 0000000020d70c84
0x000000000333db00:   000000000333db40 0000000020dc0428
0x000000000333db10:   0000000020e75378 0000000020d70ca0
0x000000000333db20:   000000000333dae8 000000000333db40
0x000000000333db30:   000000000333db88 000000000344835d
0x000000000333db40:   0000000000000000 000000000333db48
0x000000000333db50:   0000000020d81d9b 000000000333db98 

Instructions: (pc=0x00000000034649d6)
0x00000000034649b6:   d8 41 83 ed 04 41 c1 e5 03 49 03 d5 48 89 55 e0
0x00000000034649c6:   4c 8d 6c 24 08 4c 89 6d f0 ff 63 50 4c 8b 75 d0
0x00000000034649d6:   8b 51 08 48 c1 e2 03 4c 8b 6d e0 4d 85 ed 0f 84
0x00000000034649e6:   97 00 00 00 4d 8b 75 10 4c 3b f2 0f 85 0f 00 00 


Register to memory mapping:

RAX=0x0000000100007118 is pointing into metadata
RBX=0x0000000000000005 is an unknown value
RCX=0x0000000000008000 is an unknown value
RDX=0x0000000090000001 is an unallocated location in the heap
RSP=0x000000000333da60 is pointing into the stack for thread: 0x0000000003343800
RBP=0x000000000333dab0 is pointing into the stack for thread: 0x0000000003343800
RSI=0x000000001b5e4ef8 is an unknown value
RDI=0x000000001e849850 is an unknown value
R8 =0x00000000014a0d80 is an unknown value
R9 =0x00000000000000cb is an unknown value
R10=0x000000005e9df1f0 is an unknown value
R11=0x000000000333da20 is pointing into the stack for thread: 0x0000000003343800
R12=0x0000000000000000 is an unknown value
R13=0x0000000020dfc2d2 is pointing into metadata
R14=0x000000000333dae8 is pointing into the stack for thread: 0x0000000003343800
R15=0x0000000003343800 is a thread


Stack: [0x0000000003240000,0x0000000003340000],  sp=0x000000000333da60,  free space=1014k
Native frames: (J=compiled Java code, j=interpreted, Vv=VM code, C=native code)
C  0x00000000034649d6


---------------  P R O C E S S  ---------------

Java Threads: ( => current thread )
  0x000000001aab2000 JavaThread "pool-1-thread-1" [_thread_blocked, id=10168, stack(0x0000000020f30000,0x0000000021030000)]
  0x000000001aab1000 JavaThread "HikariPool-1 housekeeper" daemon [_thread_blocked, id=6636, stack(0x000000001cab0000,0x000000001cbb0000)]
  0x000000001aab4000 JavaThread "Abandoned connection cleanup thread" daemon [_thread_blocked, id=5000, stack(0x000000001c6b0000,0x000000001c7b0000)]
  0x000000001976b800 JavaThread "Service Thread" daemon [_thread_blocked, id=11676, stack(0x0000000019d60000,0x0000000019e60000)]
  0x0000000019764800 JavaThread "C1 CompilerThread2" daemon [_thread_blocked, id=208, stack(0x0000000019c60000,0x0000000019d60000)]
  0x0000000019762000 JavaThread "C2 CompilerThread1" daemon [_thread_blocked, id=13736, stack(0x0000000019b60000,0x0000000019c60000)]
  0x0000000018012800 JavaThread "C2 CompilerThread0" daemon [_thread_blocked, id=12184, stack(0x0000000019660000,0x0000000019760000)]
  0x0000000018011000 JavaThread "Attach Listener" daemon [_thread_blocked, id=5504, stack(0x0000000019560000,0x0000000019660000)]
  0x0000000018010000 JavaThread "Signal Dispatcher" daemon [_thread_blocked, id=13828, stack(0x0000000019460000,0x0000000019560000)]
  0x0000000017ff8800 JavaThread "Finalizer" daemon [_thread_blocked, id=3024, stack(0x0000000019270000,0x0000000019370000)]
  0x0000000003434000 JavaThread "Reference Handler" daemon [_thread_blocked, id=13788, stack(0x0000000019170000,0x0000000019270000)]
=>0x0000000003343800 JavaThread "main" [_thread_in_Java, id=7724, stack(0x0000000003240000,0x0000000003340000)]

Other Threads:
  0x0000000017fd7000 VMThread [stack: 0x0000000019070000,0x0000000019170000] [id=2400]
  0x0000000019798800 WatcherThread [stack: 0x0000000019e60000,0x0000000019f60000] [id=12388]

VM state:not at safepoint (normal execution)

VM Mutex/Monitor currently owned by a thread: None

Heap:
 PSYoungGen      total 294912K, used 88384K [0x00000000d5800000, 0x00000000fff80000, 0x0000000100000000)
  eden space 294400K, 30% used [0x00000000d5800000,0x00000000dae40170,0x00000000e7780000)
  from space 512K, 12% used [0x00000000fff00000,0x00000000fff10000,0x00000000fff80000)
  to   space 512K, 0% used [0x00000000ffe80000,0x00000000ffe80000,0x00000000fff00000)
 ParOldGen       total 86016K, used 17000K [0x0000000080800000, 0x0000000085c00000, 0x00000000d5800000)
  object space 86016K, 19% used [0x0000000080800000,0x000000008189a340,0x0000000085c00000)
 Metaspace       used 43085K, capacity 44132K, committed 44504K, reserved 1087488K
  class space    used 5881K, capacity 6112K, committed 6144K, reserved 1048576K

Card table byte_map: [0x0000000012800000,0x0000000012c00000] byte_map_base: 0x00000000123fc000

Marking Bits: (ParMarkBitMap*) 0x000000005e9fd850
 Begin Bits: [0x00000000132b0000, 0x0000000015290000)
 End Bits:   [0x0000000015290000, 0x0000000017270000)

Polling page: 0x00000000014d0000

CodeCache: size=245760Kb used=13110Kb max_used=13119Kb free=232649Kb
 bounds [0x0000000003440000, 0x0000000004130000, 0x0000000012440000]
 total_blobs=4272 nmethods=3750 adapters=434
 compilation: enabled

Compilation events (10 events):
Event: 6.933 Thread 0x0000000018012800 nmethod 3730 0x00000000040f2d90 code [0x00000000040f2ee0, 0x00000000040f2fc8]
Event: 6.947 Thread 0x0000000019762000 nmethod 3749 0x0000000004111a50 code [0x0000000004111c60, 0x0000000004112940]
Event: 7.173 Thread 0x0000000019764800 3782 % !   3       com.project.project.ProjectApplication::<init> @ 162 (371 bytes)
Event: 7.177 Thread 0x0000000019764800 nmethod 3782% 0x0000000004113ad0 code [0x0000000004114340, 0x00000000041194a8]
Event: 7.181 Thread 0x0000000019764800 3783   !   3       com.project.project.ProjectApplication::<init> (371 bytes)
Event: 7.185 Thread 0x0000000019764800 nmethod 3783 0x000000000411de50 code [0x000000000411e6c0, 0x00000000041235c8]
Event: 7.489 Thread 0x0000000018012800 3784 % !   4       com.project.project.ProjectApplication::<init> @ 162 (371 bytes)
Event: 7.500 Thread 0x0000000018012800 nmethod 3784% 0x000000000358a5d0 code [0x000000000358a7c0, 0x000000000358b208]
Event: 117.619 Thread 0x0000000019764800 3786       3       java.lang.Thread::getContextClassLoader (32 bytes)
Event: 117.619 Thread 0x0000000019764800 nmethod 3786 0x00000000035b13d0 code [0x00000000035b15c0, 0x00000000035b1ef8]

GC Heap History (10 events):
Event: 289.521 GC heap before
{Heap before GC invocations=1048 (full 2):
 PSYoungGen      total 363008K, used 362496K [0x00000000d5800000, 0x00000000fff80000, 0x0000000100000000)
  eden space 362496K, 100% used [0x00000000d5800000,0x00000000eba00000,0x00000000eba00000)
  from space 512K, 0% used [0x00000000ffe80000,0x00000000ffe80000,0x00000000fff00000)
  to   space 512K, 0% used [0x00000000fff00000,0x00000000fff00000,0x00000000fff80000)
 ParOldGen       total 86016K, used 17000K [0x0000000080800000, 0x0000000085c00000, 0x00000000d5800000)
  object space 86016K, 19% used [0x0000000080800000,0x000000008189a340,0x0000000085c00000)
 Metaspace       used 43085K, capacity 44132K, committed 44504K, reserved 1087488K
  class space    used 5881K, capacity 6112K, committed 6144K, reserved 1048576K
Event: 289.522 GC heap after
Heap after GC invocations=1048 (full 2):
 PSYoungGen      total 348160K, used 64K [0x00000000d5800000, 0x00000000fff80000, 0x0000000100000000)
  eden space 347648K, 0% used [0x00000000d5800000,0x00000000d5800000,0x00000000eab80000)
  from space 512K, 12% used [0x00000000fff00000,0x00000000fff10000,0x00000000fff80000)
  to   space 512K, 0% used [0x00000000ffe80000,0x00000000ffe80000,0x00000000fff00000)
 ParOldGen       total 86016K, used 17000K [0x0000000080800000, 0x0000000085c00000, 0x00000000d5800000)
  object space 86016K, 19% used [0x0000000080800000,0x000000008189a340,0x0000000085c00000)
 Metaspace       used 43085K, capacity 44132K, committed 44504K, reserved 1087488K
  class space    used 5881K, capacity 6112K, committed 6144K, reserved 1048576K
}
Event: 289.967 GC heap before
{Heap before GC invocations=1049 (full 2):
 PSYoungGen      total 348160K, used 347712K [0x00000000d5800000, 0x00000000fff80000, 0x0000000100000000)
  eden space 347648K, 100% used [0x00000000d5800000,0x00000000eab80000,0x00000000eab80000)
  from space 512K, 12% used [0x00000000fff00000,0x00000000fff10000,0x00000000fff80000)
  to   space 512K, 0% used [0x00000000ffe80000,0x00000000ffe80000,0x00000000fff00000)
 ParOldGen       total 86016K, used 17000K [0x0000000080800000, 0x0000000085c00000, 0x00000000d5800000)
  object space 86016K, 19% used [0x0000000080800000,0x000000008189a340,0x0000000085c00000)
 Metaspace       used 43085K, capacity 44132K, committed 44504K, reserved 1087488K
  class space    used 5881K, capacity 6112K, committed 6144K, reserved 1048576K
Event: 289.969 GC heap after
Heap after GC invocations=1049 (full 2):
 PSYoungGen      total 333824K, used 64K [0x00000000d5800000, 0x00000000fff80000, 0x0000000100000000)
  eden space 333312K, 0% used [0x00000000d5800000,0x00000000d5800000,0x00000000e9d80000)
  from space 512K, 12% used [0x00000000ffe80000,0x00000000ffe90000,0x00000000fff00000)
  to   space 512K, 0% used [0x00000000fff00000,0x00000000fff00000,0x00000000fff80000)
 ParOldGen       total 86016K, used 17000K [0x0000000080800000, 0x0000000085c00000, 0x00000000d5800000)
  object space 86016K, 19% used [0x0000000080800000,0x000000008189a340,0x0000000085c00000)
 Metaspace       used 43085K, capacity 44132K, committed 44504K, reserved 1087488K
  class space    used 5881K, capacity 6112K, committed 6144K, reserved 1048576K
}
Event: 290.401 GC heap before
{Heap before GC invocations=1050 (full 2):
 PSYoungGen      total 333824K, used 333376K [0x00000000d5800000, 0x00000000fff80000, 0x0000000100000000)
  eden space 333312K, 100% used [0x00000000d5800000,0x00000000e9d80000,0x00000000e9d80000)
  from space 512K, 12% used [0x00000000ffe80000,0x00000000ffe90000,0x00000000fff00000)
  to   space 512K, 0% used [0x00000000fff00000,0x00000000fff00000,0x00000000fff80000)
 ParOldGen       total 86016K, used 17000K [0x0000000080800000, 0x0000000085c00000, 0x00000000d5800000)
  object space 86016K, 19% used [0x0000000080800000,0x000000008189a340,0x0000000085c00000)
 Metaspace       used 43085K, capacity 44132K, committed 44504K, reserved 1087488K
  class space    used 5881K, capacity 6112K, committed 6144K, reserved 1048576K
Event: 290.402 GC heap after
Heap after GC invocations=1050 (full 2):
 PSYoungGen      total 320000K, used 96K [0x00000000d5800000, 0x00000000fff80000, 0x0000000100000000)
  eden space 319488K, 0% used [0x00000000d5800000,0x00000000d5800000,0x00000000e9000000)
  from space 512K, 18% used [0x00000000fff00000,0x00000000fff18000,0x00000000fff80000)
  to   space 512K, 0% used [0x00000000ffe80000,0x00000000ffe80000,0x00000000fff00000)
 ParOldGen       total 86016K, used 17000K [0x0000000080800000, 0x0000000085c00000, 0x00000000d5800000)
  object space 86016K, 19% used [0x0000000080800000,0x000000008189a340,0x0000000085c00000)
 Metaspace       used 43085K, capacity 44132K, committed 44504K, reserved 1087488K
  class space    used 5881K, capacity 6112K, committed 6144K, reserved 1048576K
}
Event: 290.829 GC heap before
{Heap before GC invocations=1051 (full 2):
 PSYoungGen      total 320000K, used 319584K [0x00000000d5800000, 0x00000000fff80000, 0x0000000100000000)
  eden space 319488K, 100% used [0x00000000d5800000,0x00000000e9000000,0x00000000e9000000)
  from space 512K, 18% used [0x00000000fff00000,0x00000000fff18000,0x00000000fff80000)
  to   space 512K, 0% used [0x00000000ffe80000,0x00000000ffe80000,0x00000000fff00000)
 ParOldGen       total 86016K, used 17000K [0x0000000080800000, 0x0000000085c00000, 0x00000000d5800000)
  object space 86016K, 19% used [0x0000000080800000,0x000000008189a340,0x0000000085c00000)
 Metaspace       used 43085K, capacity 44132K, committed 44504K, reserved 1087488K
  class space    used 5881K, capacity 6112K, committed 6144K, reserved 1048576K
Event: 290.830 GC heap after
Heap after GC invocations=1051 (full 2):
 PSYoungGen      total 307200K, used 96K [0x00000000d5800000, 0x00000000fff80000, 0x0000000100000000)
  eden space 306688K, 0% used [0x00000000d5800000,0x00000000d5800000,0x00000000e8380000)
  from space 512K, 18% used [0x00000000ffe80000,0x00000000ffe98000,0x00000000fff00000)
  to   space 512K, 0% used [0x00000000fff00000,0x00000000fff00000,0x00000000fff80000)
 ParOldGen       total 86016K, used 17000K [0x0000000080800000, 0x0000000085c00000, 0x00000000d5800000)
  object space 86016K, 19% used [0x0000000080800000,0x000000008189a340,0x0000000085c00000)
 Metaspace       used 43085K, capacity 44132K, committed 44504K, reserved 1087488K
  class space    used 5881K, capacity 6112K, committed 6144K, reserved 1048576K
}
Event: 291.233 GC heap before
{Heap before GC invocations=1052 (full 2):
 PSYoungGen      total 307200K, used 306784K [0x00000000d5800000, 0x00000000fff80000, 0x0000000100000000)
  eden space 306688K, 100% used [0x00000000d5800000,0x00000000e8380000,0x00000000e8380000)
  from space 512K, 18% used [0x00000000ffe80000,0x00000000ffe98000,0x00000000fff00000)
  to   space 512K, 0% used [0x00000000fff00000,0x00000000fff00000,0x00000000fff80000)
 ParOldGen       total 86016K, used 17000K [0x0000000080800000, 0x0000000085c00000, 0x00000000d5800000)
  object space 86016K, 19% used [0x0000000080800000,0x000000008189a340,0x0000000085c00000)
 Metaspace       used 43085K, capacity 44132K, committed 44504K, reserved 1087488K
  class space    used 5881K, capacity 6112K, committed 6144K, reserved 1048576K
Event: 291.234 GC heap after
Heap after GC invocations=1052 (full 2):
 PSYoungGen      total 294912K, used 64K [0x00000000d5800000, 0x00000000fff80000, 0x0000000100000000)
  eden space 294400K, 0% used [0x00000000d5800000,0x00000000d5800000,0x00000000e7780000)
  from space 512K, 12% used [0x00000000fff00000,0x00000000fff10000,0x00000000fff80000)
  to   space 512K, 0% used [0x00000000ffe80000,0x00000000ffe80000,0x00000000fff00000)
 ParOldGen       total 86016K, used 17000K [0x0000000080800000, 0x0000000085c00000, 0x00000000d5800000)
  object space 86016K, 19% used [0x0000000080800000,0x000000008189a340,0x0000000085c00000)
 Metaspace       used 43085K, capacity 44132K, committed 44504K, reserved 1087488K
  class space    used 5881K, capacity 6112K, committed 6144K, reserved 1048576K
}

Deoptimization events (10 events):
Event: 5.569 Thread 0x0000000003343800 Uncommon trap: reason=bimorphic action=maybe_recompile pc=0x0000000003d6e470 method=java.lang.ClassLoader.loadClass(Ljava/lang/String;)Ljava/lang/Class; @ 3
Event: 5.569 Thread 0x0000000003343800 Uncommon trap: reason=bimorphic action=maybe_recompile pc=0x0000000003d6e470 method=java.lang.ClassLoader.loadClass(Ljava/lang/String;)Ljava/lang/Class; @ 3
Event: 5.631 Thread 0x0000000003343800 Uncommon trap: reason=unstable_if action=reinterpret pc=0x0000000003c698fc method=java.util.jar.JarFile.maybeInstantiateVerifier()V @ 75
Event: 5.637 Thread 0x0000000003343800 Uncommon trap: reason=unstable_if action=reinterpret pc=0x0000000003ec1250 method=java.io.ByteArrayInputStream.read()I @ 8
Event: 5.782 Thread 0x0000000003343800 Uncommon trap: reason=class_check action=maybe_recompile pc=0x0000000003bdc550 method=java.util.Properties$LineReader.readLine()I @ 62
Event: 5.782 Thread 0x0000000003343800 Uncommon trap: reason=class_check action=maybe_recompile pc=0x0000000003bdc584 method=java.util.Properties$LineReader.readLine()I @ 410
Event: 5.782 Thread 0x0000000003343800 Uncommon trap: reason=class_check action=maybe_recompile pc=0x0000000003bdc550 method=java.util.Properties$LineReader.readLine()I @ 62
Event: 5.879 Thread 0x0000000003343800 Uncommon trap: reason=bimorphic action=maybe_recompile pc=0x0000000003f6293c method=java.util.Hashtable.put(Ljava/lang/Object;Ljava/lang/Object;)Ljava/lang/Object; @ 18
Event: 5.903 Thread 0x0000000003343800 Uncommon trap: reason=unstable_if action=reinterpret pc=0x0000000003f198e0 method=java.util.Arrays.equals([B[B)Z @ 2
Event: 291.344 Thread 0x0000000003343800 Uncommon trap: reason=unstable_if action=reinterpret pc=0x00000000040d69cc method=org.hibernate.engine.internal.StatefulPersistenceContext.clear()V @ 251

Internal exceptions (10 events):
Event: 2.403 Thread 0x0000000003343800 Exception <a 'java/lang/ClassNotFoundException': org/springframework/context/annotation/ImportAwareCustomizer> (0x00000000d6849670) thrown at [C:\re\workspace\8-2-build-windows-amd64-cygwin\jdk8u151\9699\hotspot\src\share\vm\classfile\systemDictionary.cpp
Event: 2.405 Thread 0x0000000003343800 Exception <a 'java/lang/ClassNotFoundException': org/springframework/beans/factory/AwareCustomizer> (0x00000000d68586a8) thrown at [C:\re\workspace\8-2-build-windows-amd64-cygwin\jdk8u151\9699\hotspot\src\share\vm\classfile\systemDictionary.cpp, line 210]
Event: 2.490 Thread 0x0000000003343800 Implicit null exception at 0x0000000003aee40f to 0x0000000003aee6d1
Event: 2.543 Thread 0x0000000003343800 Exception <a 'java/lang/NoSuchMethodError': java.lang.Object.lambda$static$0(Ljava/lang/Object;)Ljava/lang/Object;> (0x00000000d6e297f0) thrown at [C:\re\workspace\8-2-build-windows-amd64-cygwin\jdk8u151\9699\hotspot\src\share\vm\interpreter\linkResolver.
Event: 2.548 Thread 0x0000000003343800 Implicit null exception at 0x000000000397fe74 to 0x000000000397ff1f
Event: 2.549 Thread 0x0000000003343800 Implicit null exception at 0x000000000398305a to 0x00000000039842fd
Event: 2.559 Thread 0x0000000003343800 Implicit null exception at 0x0000000003684f16 to 0x000000000368529d
Event: 4.840 Thread 0x0000000003343800 Implicit null exception at 0x0000000003d22c08 to 0x0000000003d25025
Event: 5.340 Thread 0x0000000003343800 Exception <a 'java/lang/ClassNotFoundException': com/sun/org/glassfish/hk2/osgiresourcelocator/ServiceLoader> (0x00000000d5e1f0a0) thrown at [C:\re\workspace\8-2-build-windows-amd64-cygwin\jdk8u151\9699\hotspot\src\share\vm\classfile\systemDictionary.cpp,
Event: 5.345 Thread 0x0000000003343800 Exception <a 'java/lang/NullPointerException'> (0x00000000d5e2a928) thrown at [C:\re\workspace\8-2-build-windows-amd64-cygwin\jdk8u151\9699\hotspot\src\share\vm\interpreter\linkResolver.cpp, line 1285]

Events (10 events):
Event: 289.969 Executing VM operation: ParallelGCFailedAllocation done
Event: 290.401 Executing VM operation: ParallelGCFailedAllocation
Event: 290.402 Executing VM operation: ParallelGCFailedAllocation done
Event: 290.829 Executing VM operation: ParallelGCFailedAllocation
Event: 290.830 Executing VM operation: ParallelGCFailedAllocation done
Event: 291.233 Executing VM operation: ParallelGCFailedAllocation
Event: 291.234 Executing VM operation: ParallelGCFailedAllocation done
Event: 291.344 Thread 0x0000000003343800 Uncommon trap: trap_request=0xffffff65 fr.pc=0x00000000040d69cc
Event: 291.344 Thread 0x0000000003343800 DEOPT PACKING pc=0x00000000040d69cc sp=0x000000000333dcb0
Event: 291.344 Thread 0x0000000003343800 DEOPT UNPACKING pc=0x000000000348582a sp=0x000000000333da38 mode 2


Dynamic libraries:
0x00007ff68ad80000 - 0x00007ff68adb7000 	C:\Program Files\Java\jdk1.8.0_151\bin\javaw.exe
0x00007ffb7e9b0000 - 0x00007ffb7eb91000 	C:\WINDOWS\SYSTEM32\ntdll.dll
0x00007ffb7e760000 - 0x00007ffb7e812000 	C:\WINDOWS\System32\KERNEL32.DLL
0x00007ffb7b630000 - 0x00007ffb7b8a3000 	C:\WINDOWS\System32\KERNELBASE.dll
0x00007ffb7c630000 - 0x00007ffb7c6d1000 	C:\WINDOWS\System32\ADVAPI32.dll
0x00007ffb7cf60000 - 0x00007ffb7cffe000 	C:\WINDOWS\System32\msvcrt.dll
0x00007ffb7be60000 - 0x00007ffb7bebb000 	C:\WINDOWS\System32\sechost.dll
0x00007ffb7c250000 - 0x00007ffb7c374000 	C:\WINDOWS\System32\RPCRT4.dll
0x00007ffb7cc00000 - 0x00007ffb7cd90000 	C:\WINDOWS\System32\USER32.dll
0x00007ffb7ad80000 - 0x00007ffb7ada0000 	C:\WINDOWS\System32\win32u.dll
0x00007ffb7cd90000 - 0x00007ffb7cdb8000 	C:\WINDOWS\System32\GDI32.dll
0x00007ffb7b8b0000 - 0x00007ffb7ba42000 	C:\WINDOWS\System32\gdi32full.dll
0x00007ffb7bca0000 - 0x00007ffb7bd3f000 	C:\WINDOWS\System32\msvcp_win.dll
0x00007ffb7bd40000 - 0x00007ffb7be3a000 	C:\WINDOWS\System32\ucrtbase.dll
0x00007ffb6f4d0000 - 0x00007ffb6f739000 	C:\WINDOWS\WinSxS\amd64_microsoft.windows.common-controls_6595b64144ccf1df_6.0.17134.472_none_fb3f9af53068156d\COMCTL32.dll
0x00007ffb7bf20000 - 0x00007ffb7c242000 	C:\WINDOWS\System32\combase.dll
0x00007ffb7b5b0000 - 0x00007ffb7b62a000 	C:\WINDOWS\System32\bcryptPrimitives.dll
0x00007ffb7c600000 - 0x00007ffb7c62d000 	C:\WINDOWS\System32\IMM32.DLL
0x000000005db50000 - 0x000000005dc22000 	C:\Program Files\Java\jdk1.8.0_151\jre\bin\msvcr100.dll
0x000000005e1e0000 - 0x000000005ea7d000 	C:\Program Files\Java\jdk1.8.0_151\jre\bin\server\jvm.dll
0x00007ffb7be40000 - 0x00007ffb7be48000 	C:\WINDOWS\System32\PSAPI.DLL
0x00007ffb77500000 - 0x00007ffb77509000 	C:\WINDOWS\SYSTEM32\WSOCK32.dll
0x00007ffb78a30000 - 0x00007ffb78a53000 	C:\WINDOWS\SYSTEM32\WINMM.dll
0x00007ffb7c740000 - 0x00007ffb7c7ac000 	C:\WINDOWS\System32\WS2_32.dll
0x00007ffb757a0000 - 0x00007ffb757aa000 	C:\WINDOWS\SYSTEM32\VERSION.dll
0x00007ffb786c0000 - 0x00007ffb786ea000 	C:\WINDOWS\SYSTEM32\WINMMBASE.dll
0x00007ffb7b560000 - 0x00007ffb7b5a9000 	C:\WINDOWS\System32\cfgmgr32.dll
0x000000005e0f0000 - 0x000000005e0ff000 	C:\Program Files\Java\jdk1.8.0_151\jre\bin\verify.dll
0x000000005e0c0000 - 0x000000005e0e9000 	C:\Program Files\Java\jdk1.8.0_151\jre\bin\java.dll
0x000000005e0a0000 - 0x000000005e0b6000 	C:\Program Files\Java\jdk1.8.0_151\jre\bin\zip.dll
0x00007ffb7d000000 - 0x00007ffb7e440000 	C:\WINDOWS\System32\SHELL32.dll
0x00007ffb7e440000 - 0x00007ffb7e4e9000 	C:\WINDOWS\System32\shcore.dll
0x00007ffb7ae50000 - 0x00007ffb7b55d000 	C:\WINDOWS\System32\windows.storage.dll
0x00007ffb7c6e0000 - 0x00007ffb7c731000 	C:\WINDOWS\System32\shlwapi.dll
0x00007ffb7ad60000 - 0x00007ffb7ad71000 	C:\WINDOWS\System32\kernel.appcore.dll
0x00007ffb7acc0000 - 0x00007ffb7acdf000 	C:\WINDOWS\System32\profapi.dll
0x00007ffb7ad10000 - 0x00007ffb7ad5c000 	C:\WINDOWS\System32\powrprof.dll
0x00007ffb7ad00000 - 0x00007ffb7ad0a000 	C:\WINDOWS\System32\FLTLIB.DLL
0x000000005e020000 - 0x000000005e02d000 	C:\Program Files\Java\jdk1.8.0_151\jre\bin\management.dll
0x000000005e080000 - 0x000000005e09a000 	C:\Program Files\Java\jdk1.8.0_151\jre\bin\net.dll
0x00007ffb7a540000 - 0x00007ffb7a5a6000 	C:\WINDOWS\system32\mswsock.dll
0x00007ffb676f0000 - 0x00007ffb67706000 	C:\WINDOWS\system32\napinsp.dll
0x00007ffb676d0000 - 0x00007ffb676ea000 	C:\WINDOWS\system32\pnrpnsp.dll
0x00007ffb773f0000 - 0x00007ffb77409000 	C:\WINDOWS\system32\NLAapi.dll
0x00007ffb7a300000 - 0x00007ffb7a3be000 	C:\WINDOWS\SYSTEM32\DNSAPI.dll
0x00007ffb7be50000 - 0x00007ffb7be58000 	C:\WINDOWS\System32\NSI.dll
0x00007ffb7a2c0000 - 0x00007ffb7a2f8000 	C:\WINDOWS\SYSTEM32\IPHLPAPI.DLL
0x00007ffb75480000 - 0x00007ffb7548e000 	C:\WINDOWS\System32\winrnr.dll
0x00007ffb6bbe0000 - 0x00007ffb6bbea000 	C:\Windows\System32\rasadhlp.dll
0x00007ffb6c110000 - 0x00007ffb6c182000 	C:\WINDOWS\System32\fwpuclnt.dll
0x00007ffb7a820000 - 0x00007ffb7a845000 	C:\WINDOWS\SYSTEM32\bcrypt.dll
0x000000005e060000 - 0x000000005e071000 	C:\Program Files\Java\jdk1.8.0_151\jre\bin\nio.dll
0x00007ffb7a6f0000 - 0x00007ffb7a707000 	C:\WINDOWS\SYSTEM32\CRYPTSP.dll
0x00007ffb7a120000 - 0x00007ffb7a153000 	C:\WINDOWS\system32\rsaenh.dll
0x00007ffb7abc0000 - 0x00007ffb7abe8000 	C:\WINDOWS\SYSTEM32\USERENV.dll
0x00007ffb7a710000 - 0x00007ffb7a71b000 	C:\WINDOWS\SYSTEM32\CRYPTBASE.dll
0x00007ffb74290000 - 0x00007ffb742a6000 	C:\WINDOWS\SYSTEM32\dhcpcsvc6.DLL
0x00007ffb74270000 - 0x00007ffb7428a000 	C:\WINDOWS\SYSTEM32\dhcpcsvc.DLL
0x000000005e030000 - 0x000000005e054000 	C:\Program Files\Java\jdk1.8.0_151\jre\bin\sunec.dll
0x000000005db40000 - 0x000000005db4b000 	C:\Program Files\Java\jdk1.8.0_151\jre\bin\sunmscapi.dll
0x00007ffb7ba50000 - 0x00007ffb7bc32000 	C:\WINDOWS\System32\CRYPT32.dll
0x00007ffb7ace0000 - 0x00007ffb7acf2000 	C:\WINDOWS\System32\MSASN1.dll
0x00007ffb69e80000 - 0x00007ffb6a049000 	C:\WINDOWS\SYSTEM32\dbghelp.dll

VM Arguments:
jvm_args: -Dfile.encoding=UTF-8 
java_command: com.project.project.ProjectApplication
java_class_path (initial): C:\Program Files\Java\jdk1.8.0_151\jre\lib\resources.jar;C:\Program Files\Java\jdk1.8.0_151\jre\lib\rt.jar;C:\Program Files\Java\jdk1.8.0_151\jre\lib\jsse.jar;C:\Program Files\Java\jdk1.8.0_151\jre\lib\jce.jar;C:\Program Files\Java\jdk1.8.0_151\jre\lib\charsets.jar;C:\Program Files\Java\jdk1.8.0_151\jre\lib\jfr.jar;C:\Program Files\Java\jdk1.8.0_151\jre\lib\ext\access-bridge-64.jar;C:\Program Files\Java\jdk1.8.0_151\jre\lib\ext\cldrdata.jar;C:\Program Files\Java\jdk1.8.0_151\jre\lib\ext\dnsns.jar;C:\Program Files\Java\jdk1.8.0_151\jre\lib\ext\jaccess.jar;C:\Program Files\Java\jdk1.8.0_151\jre\lib\ext\jfxrt.jar;C:\Program Files\Java\jdk1.8.0_151\jre\lib\ext\localedata.jar;C:\Program Files\Java\jdk1.8.0_151\jre\lib\ext\nashorn.jar;C:\Program Files\Java\jdk1.8.0_151\jre\lib\ext\sunec.jar;C:\Program Files\Java\jdk1.8.0_151\jre\lib\ext\sunjce_provider.jar;C:\Program Files\Java\jdk1.8.0_151\jre\lib\ext\sunmscapi.jar;C:\Program Files\Java\jdk1.8.0_151\jre\lib\ext\sunpkcs11.jar;C:\Program Files\Java\jdk1.8.0_151\jre\lib\ext\zipfs.jar;C:\Users\chart\Downloads\project(1)\project\target\classes;C:\Users\chart\.m2\repository\org\springframework\boot\spring-boot-starter-data-jpa\2.1.1.RELEASE\spring-boot-starter-data-jpa-2.1.1.RELEASE.jar;C:\Users\chart\.m2\repository\org\springframework\boot\spring-boot-starter-aop\2.1.1.RELEASE\spring-boot-starter-aop-2.1.1.RELEASE.jar;C:\Users\chart\.m2\repository\org\springframework\spring-aop\5.1.3.RELEASE\spring-aop-5.1.3.RELEASE.jar;C:\Users\chart\.m2\repository\org\aspectj\aspectjweaver\1.9.2\aspectjweaver-1.9.2.jar;C:\Users\chart\.m2\repository\org\springframework\boot\spring-boot-starter-jdbc\2.1.1.RELEASE\spring-boot-starter-jdbc-2.1.1.RELEASE.jar;C:\Users\chart\.m2\repository\com\zaxxer\HikariCP\3.2.0\HikariCP-3.2.0.jar;C:\Users\chart\.m2\repository\org\springframework\spring-jdbc\5.1.3.RELEASE\spring-jdbc-5.1.3.RELEASE.jar;C:\Users\chart\.m2\repository\javax\transaction\javax.transaction-api\1.3\javax.tr
Launcher Type: SUN_STANDARD

Environment Variables:
JAVA_HOME=C:\Program Files\Java\jdk1.8.0_181
PATH=C:/Program Files/Java/jdk1.8.0_151/jre/bin/server;C:/Program Files/Java/jdk1.8.0_151/jre/bin;C:/Program Files/Java/jdk1.8.0_151/jre/lib/amd64;C:\Program Files (x86)\Common Files\Oracle\Java\javapath;C:\WINDOWS\system32;C:\WINDOWS\system32;C:\WINDOWS;C:\WINDOWS\System32\Wbem;C:\WINDOWS\System32\WindowsPowerShell\v1.0\;C:\WINDOWS\System32\OpenSSH\;C:\Program Files (x86)\Microsoft SQL Server\140\Tools\Binn\;C:\Program Files (x86)\Microsoft SQL Server\Client SDK\ODBC\130\Tools\Binn\;C:\Program Files (x86)\Microsoft SQL Server\140\DTS\Binn\;C:\Program Files (x86)\Microsoft SQL Server\140\Tools\Binn\ManagementStudio\;C:\Program Files (x86)\NVIDIA Corporation\PhysX\Common;C:\Program Files\Java\jdk1.8.0_181\bin;C:\apache-maven-3.3.9\bin;C:\apache-maven-3.3.9;C:\Program Files\nodejs\;C:\Users\chart\AppData\Local\Programs\Python\Python37-32\Scripts\;C:\Users\chart\AppData\Local\Programs\Python\Python37-32\;"C:\Users\chart\AppData\Local\Microsoft\WindowsApps;C:\WINDOWS\system32";;C:\Users\chart\AppData\Local\Microsoft\WindowsApps;C:\Users\chart\AppData\Roaming\npm;C:\WINDOWS\system32;
USERNAME=chart
OS=Windows_NT
PROCESSOR_IDENTIFIER=Intel64 Family 6 Model 42 Stepping 7, GenuineIntel



---------------  S Y S T E M  ---------------

OS: Windows 10.0 , 64 bit Build 17134 (10.0.17134.1)

CPU:total 4 (initial active 4) (4 cores per cpu, 1 threads per core) family 6 model 42 stepping 7, cmov, cx8, fxsr, mmx, sse, sse2, sse3, ssse3, sse4.1, sse4.2, popcnt, avx, aes, clmul, tsc, tscinvbit

Memory: 4k page, physical 8351752k(1418184k free), swap 25763868k(15799116k free)

vm_info: Java HotSpot(TM) 64-Bit Server VM (25.151-b12) for windows-amd64 JRE (1.8.0_151-b12), built on Sep  5 2017 19:33:46 by "java_re" with MS VC++ 10.0 (VS2010)

time: Sat Dec 22 18:12:08 2018
elapsed time: 291 seconds (0d 0h 4m 51s)

